kaushalUtils/build/intermediates/manifest_merge_blame_file/release/manifest-merger-blame-release-report.txt
1<?xml version="1.0" encoding="utf-8"?>
2<manifest xmlns:android="http://schemas.android.com/apk/res/android"
3    xmlns:tools="http://schemas.android.com/tools"
4    package="com.kaushalprajapti.util"
5    android:versionCode="1"
6    android:versionName="1.0" >
7
8    <uses-sdk
9        android:minSdkVersion="14"
9-->src\main\AndroidManifest.xml
10        android:targetSdkVersion="28" />
10-->src\main\AndroidManifest.xml
11
12    <!--
13        <uses-sdk
14        android:minSdkVersion="14"
15        android:targetSdkVersion="21" />
16    -->
17
18    <uses-permission android:name="android.permission.ACCESS_NETWORK_STATE" />
18-->src\main\AndroidManifest.xml:11:5-79
18-->src\main\AndroidManifest.xml:11:22-76
19
20    <application
20-->src\main\AndroidManifest.xml:12:5-19:19
21        android:allowBackup="true"
21-->src\main\AndroidManifest.xml:13:9-35
22        android:appComponentFactory="whateverString"
22-->src\main\AndroidManifest.xml:18:9-53
23        android:icon="@mipmap/ic_launcher"
23-->src\main\AndroidManifest.xml:14:9-43
24        android:label="@string/app_name"
24-->src\main\AndroidManifest.xml:15:9-41
25        android:theme="@style/AppTheme"
25-->src\main\AndroidManifest.xml:16:9-40
26        tools:replace="android:appComponentFactory" >
26-->src\main\AndroidManifest.xml:17:9-52
27    </application>
28
29</manifest>